<?xml version="1.0" encoding="UTF-8"?>
<!-- Generated by org.testng.reporters.JUnitXMLReporter -->
<testsuite ignored="3" hostname="ChandraaulisAir" failures="1" tests="2" name="Test1" time="1.139" errors="0" timestamp="2022-08-23T16:55:58 IST">
  <testcase classname="utility.baseOne" name="@BeforeSuite initSetup" time="66.913">
    <failure type="org.openqa.selenium.SessionNotCreatedException" message="session not created: This version of ChromeDriver only supports Chrome version 102
Current browser version is 104.0.5112.101 with binary path /Applications/Google Chrome.app/Contents/MacOS/Google Chrome
Build info: version: &amp;apos;3.141.59&amp;apos;, revision: &amp;apos;e82be7d358&amp;apos;, time: &amp;apos;2018-11-14T08:17:03&amp;apos;
System info: host: &amp;apos;ChandraaulisAir&amp;apos;, ip: &amp;apos;fe80:0:0:0:1812:a3b4:6c89:350b%en0&amp;apos;, os.name: &amp;apos;Mac OS X&amp;apos;, os.arch: &amp;apos;x86_64&amp;apos;, os.version: &amp;apos;12.4&amp;apos;, java.version: &amp;apos;11.0.15&amp;apos;
Driver info: driver.version: ChromeDriver
remote stacktrace: 0   chromedriver                        0x0000000101346d19 chromedriver + 5197081
1   chromedriver                        0x00000001012d4b23 chromedriver + 4729635
2   chromedriver                        0x0000000100eb22b8 chromedriver + 393912
3   chromedriver                        0x0000000100ed874e chromedriver + 550734
4   chromedriver                        0x0000000100ed423a chromedriver + 533050
5   chromedriver                        0x0000000100ed08a6 chromedriver + 518310
6   chromedriver                        0x0000000100f0a4ba chromedriver + 754874
7   chromedriver                        0x0000000100f046f3 chromedriver + 730867
8   chromedriver                        0x0000000100edaa49 chromedriver + 559689
9   chromedriver                        0x0000000100edba75 chromedriver + 563829
10  chromedriver                        0x0000000101318bdd chromedriver + 5008349
11  chromedriver                        0x000000010131db64 chromedriver + 5028708
12  chromedriver                        0x0000000101322bcf chromedriver + 5049295
13  chromedriver                        0x000000010131e7ca chromedriver + 5031882
14  chromedriver                        0x00000001012f859f chromedriver + 4875679
15  chromedriver                        0x0000000101338388 chromedriver + 5137288
16  chromedriver                        0x000000010133850f chromedriver + 5137679
17  chromedriver                        0x000000010134e085 chromedriver + 5226629
18  libsystem_pthread.dylib             0x00007ff8073514e1 _pthread_start + 125
19  libsystem_pthread.dylib             0x00007ff80734cf6b thread_start + 15
">
      <![CDATA[org.openqa.selenium.SessionNotCreatedException: session not created: This version of ChromeDriver only supports Chrome version 102
Current browser version is 104.0.5112.101 with binary path /Applications/Google Chrome.app/Contents/MacOS/Google Chrome
Build info: version: '3.141.59', revision: 'e82be7d358', time: '2018-11-14T08:17:03'
System info: host: 'ChandraaulisAir', ip: 'fe80:0:0:0:1812:a3b4:6c89:350b%en0', os.name: 'Mac OS X', os.arch: 'x86_64', os.version: '12.4', java.version: '11.0.15'
Driver info: driver.version: ChromeDriver
remote stacktrace: 0   chromedriver                        0x0000000101346d19 chromedriver + 5197081
1   chromedriver                        0x00000001012d4b23 chromedriver + 4729635
2   chromedriver                        0x0000000100eb22b8 chromedriver + 393912
3   chromedriver                        0x0000000100ed874e chromedriver + 550734
4   chromedriver                        0x0000000100ed423a chromedriver + 533050
5   chromedriver                        0x0000000100ed08a6 chromedriver + 518310
6   chromedriver                        0x0000000100f0a4ba chromedriver + 754874
7   chromedriver                        0x0000000100f046f3 chromedriver + 730867
8   chromedriver                        0x0000000100edaa49 chromedriver + 559689
9   chromedriver                        0x0000000100edba75 chromedriver + 563829
10  chromedriver                        0x0000000101318bdd chromedriver + 5008349
11  chromedriver                        0x000000010131db64 chromedriver + 5028708
12  chromedriver                        0x0000000101322bcf chromedriver + 5049295
13  chromedriver                        0x000000010131e7ca chromedriver + 5031882
14  chromedriver                        0x00000001012f859f chromedriver + 4875679
15  chromedriver                        0x0000000101338388 chromedriver + 5137288
16  chromedriver                        0x000000010133850f chromedriver + 5137679
17  chromedriver                        0x000000010134e085 chromedriver + 5226629
18  libsystem_pthread.dylib             0x00007ff8073514e1 _pthread_start + 125
19  libsystem_pthread.dylib             0x00007ff80734cf6b thread_start + 15

at org.openqa.selenium.remote.W3CHandshakeResponse.lambda$errorHandler$0(W3CHandshakeResponse.java:62)
at org.openqa.selenium.remote.HandshakeResponse.lambda$getResponseFunction$0(HandshakeResponse.java:30)
at org.openqa.selenium.remote.ProtocolHandshake.lambda$createSession$0(ProtocolHandshake.java:126)
at java.base/java.util.stream.ReferencePipeline$3$1.accept(ReferencePipeline.java:195)
at java.base/java.util.Spliterators$ArraySpliterator.tryAdvance(Spliterators.java:958)
at java.base/java.util.stream.ReferencePipeline.forEachWithCancel(ReferencePipeline.java:127)
at java.base/java.util.stream.AbstractPipeline.copyIntoWithCancel(AbstractPipeline.java:502)
at java.base/java.util.stream.AbstractPipeline.copyInto(AbstractPipeline.java:488)
at java.base/java.util.stream.AbstractPipeline.wrapAndCopyInto(AbstractPipeline.java:474)
at java.base/java.util.stream.FindOps$FindOp.evaluateSequential(FindOps.java:150)
at java.base/java.util.stream.AbstractPipeline.evaluate(AbstractPipeline.java:234)
at java.base/java.util.stream.ReferencePipeline.findFirst(ReferencePipeline.java:543)
at org.openqa.selenium.remote.ProtocolHandshake.createSession(ProtocolHandshake.java:128)
at org.openqa.selenium.remote.ProtocolHandshake.createSession(ProtocolHandshake.java:74)
at org.openqa.selenium.remote.HttpCommandExecutor.execute(HttpCommandExecutor.java:136)
at org.openqa.selenium.remote.service.DriverCommandExecutor.execute(DriverCommandExecutor.java:83)
at org.openqa.selenium.remote.RemoteWebDriver.execute(RemoteWebDriver.java:552)
at org.openqa.selenium.remote.RemoteWebDriver.startSession(RemoteWebDriver.java:213)
at org.openqa.selenium.remote.RemoteWebDriver.<init>(RemoteWebDriver.java:131)
at org.openqa.selenium.chrome.ChromeDriver.<init>(ChromeDriver.java:181)
at org.openqa.selenium.chrome.ChromeDriver.<init>(ChromeDriver.java:168)
at org.openqa.selenium.chrome.ChromeDriver.<init>(ChromeDriver.java:123)
at utility.baseOne.initSetup(baseOne.java:77)
... Removed 23 stack frames]]>
    </failure>
  </testcase> <!-- @BeforeSuite initSetup -->
  <testcase classname="utility.baseOne" name="@BeforeTest launching" time="-1.66125395822E9">
    <skipped/>
  </testcase> <!-- @BeforeTest launching -->
  <testcase classname="Common.CommonTest" name="login_ActiTime" time="0.0">
    <skipped/>
  </testcase> <!-- login_ActiTime -->
  <testcase classname="Common.CommonTest" name="login_ActiTime" time="0.026">
    <failure type="java.lang.NullPointerException">
      <![CDATA[java.lang.NullPointerException
at ListenersPack.ListenersAll.getScreenhot(ListenersAll.java:90)
at ListenersPack.ListenersAll.onTestSkipped(ListenersAll.java:73)
at java.base/java.util.ArrayList.forEach(ArrayList.java:1541)
... Removed 25 stack frames]]>
    </failure>
  </testcase> <!-- login_ActiTime -->
  <testcase classname="utility.baseOne" name="@BeforeTest launching" time="0.0">
    <ignored/>
  </testcase> <!-- @BeforeTest launching -->
  <testcase classname="utility.baseOne" name="@BeforeSuite initSetup" time="0.0">
    <ignored/>
  </testcase> <!-- @BeforeSuite initSetup -->
  <testcase classname="utility.baseOne" name="@AfterSuite sessionEnd" time="0.0">
    <ignored/>
  </testcase> <!-- @AfterSuite sessionEnd -->
</testsuite> <!-- Test1 -->
